e:\anul 3\tema2\openglrpg\openglrpg\debug\vc120.pdb
e:\anul 3\tema2\openglrpg\openglrpg\debug\vc120.idb
e:\anul 3\tema2\openglrpg\openglrpg\debug\app.obj
e:\anul 3\tema2\openglrpg\openglrpg\debug\camera.obj
e:\anul 3\tema2\openglrpg\openglrpg\debug\cube.obj
e:\anul 3\tema2\openglrpg\openglrpg\debug\helpers.obj
e:\anul 3\tema2\openglrpg\openglrpg\debug\input.obj
e:\anul 3\tema2\openglrpg\openglrpg\debug\main.obj
e:\anul 3\tema2\openglrpg\openglrpg\debug\mesh.obj
e:\anul 3\tema2\openglrpg\openglrpg\debug\object.obj
e:\anul 3\tema2\openglrpg\openglrpg\debug\platform.obj
e:\anul 3\tema2\openglrpg\openglrpg\debug\platformsmanager.obj
e:\anul 3\tema2\openglrpg\openglrpg\debug\player.obj
e:\anul 3\tema2\openglrpg\openglrpg\debug\rng.obj
e:\anul 3\tema2\openglrpg\openglrpg\debug\shadersprogramsmanager.obj
e:\anul 3\tema2\openglrpg\openglrpg\debug\shape3d.obj
e:\anul 3\tema2\openglrpg\openglrpg\debug\tinystr.obj
e:\anul 3\tema2\openglrpg\openglrpg\debug\tinyxml.obj
e:\anul 3\tema2\openglrpg\openglrpg\debug\tinyxmlerror.obj
e:\anul 3\tema2\openglrpg\openglrpg\debug\tinyxmlparser.obj
e:\anul 3\tema2\openglrpg\openglrpg\debug\vertexformat.obj
e:\anul 3\tema2\openglrpg\debug\tema2.ilk
e:\anul 3\tema2\openglrpg\debug\tema2.exe
e:\anul 3\tema2\openglrpg\debug\tema2.pdb
e:\anul 3\tema2\openglrpg\openglrpg\debug\tema2.tlog\cl.command.1.tlog
e:\anul 3\tema2\openglrpg\openglrpg\debug\tema2.tlog\cl.read.1.tlog
e:\anul 3\tema2\openglrpg\openglrpg\debug\tema2.tlog\cl.write.1.tlog
e:\anul 3\tema2\openglrpg\openglrpg\debug\tema2.tlog\link.command.1.tlog
e:\anul 3\tema2\openglrpg\openglrpg\debug\tema2.tlog\link.read.1.tlog
e:\anul 3\tema2\openglrpg\openglrpg\debug\tema2.tlog\link.write.1.tlog
